<?xml version="1.0" encoding="UTF-8"?>
<!-- Generated by org.testng.reporters.JUnitReportReporter -->
<testsuite skipped="0" hostname="PC307531" name="homepage.CheckPages" tests="2" failures="0" timestamp="31 Jul 2017 13:15:26 GMT" time="6.889" errors="0">
  <testcase name="Registration" time="1.716" classname="homepage.CheckPages"/>
  <testcase name="Browser" time="5.173" classname="homepage.CheckPages"/>
</testsuite> <!-- homepage.CheckPages -->
