<?xml version="1.0" encoding="UTF-8"?>
<!-- Generated by org.testng.reporters.JUnitReportReporter -->
<testsuite skipped="0" hostname="PC307531" name="demoQATests.QATest" tests="3" failures="0" timestamp="02 Aug 2017 13:59:55 GMT" time="19.415" errors="0">
  <testcase name="test3" time="5.869" classname="demoQATests.QATest"/>
  <testcase name="test2" time="1.013" classname="demoQATests.QATest"/>
  <testcase name="test1" time="12.533" classname="demoQATests.QATest"/>
</testsuite> <!-- demoQATests.QATest -->
